
AVRASM ver. 2.1.42  ..\extram1.asm Thu Oct 21 15:17:24 2010

[builtin](2): Including file 'C:\PROJECTS\PRODEV\IMAGE\tools\AVRASM\appnotes\8515def.inc'
                 
                 ; EEPROM - Read Write the EEPROM.
                 
                 ;***** Created: 2010-02-25 11:46 ******* Source: AT90S8515.xml ***********
                 ;*************************************************************************
                 ;* A P P L I C A T I O N   N O T E   F O R   T H E   A V R   F A M I L Y
                 ;* 
                 ;* Number            : AVR000
                 ;* File Name         : "8515def.inc"
                 ;* Title             : Register/Bit Definitions for the AT90S8515
                 ;* Date              : 2010-02-25
                 ;* Version           : 2.35
                 ;* Support E-mail    : avr@atmel.com
                 ;* Target MCU        : AT90S8515
                 ;* 
                 ;* DESCRIPTION
                 ;* When including this file in the assembly program file, all I/O register 
                 ;* names and I/O register bit names appearing in the data book can be used.
                 ;* In addition, the six registers forming the three data pointers X, Y and 
                 ;* Z have been assigned names XL - ZH. Highest RAM address for Internal 
                 ;* SRAM is also defined 
                 ;* 
                 ;* The Register names are represented by their hexadecimal address.
                 ;* 
                 ;* The Register Bit names are represented by their bit number (0-7).
                 ;* 
                 ;* Please observe the difference in using the bit names with instructions
                 ;* such as "sbr"/"cbr" (set/clear bit in register) and "sbrs"/"sbrc"
                 ;* (skip if bit in register set/cleared). The following example illustrates
                 ;* this:
                 ;* 
                 ;* in    r16,PORTB             ;read PORTB latch
                 ;* sbr   r16,(1<<PB6)+(1<<PB5) ;set PB6 and PB5 (use masks, not bit#)
                 ;* out   PORTB,r16             ;output to PORTB
                 ;* 
                 ;* in    r16,TIFR              ;read the Timer Interrupt Flag Register
                 ;* sbrc  r16,TOV0              ;test the overflow flag (use bit#)
                 ;* rjmp  TOV0_is_set           ;jump if set
                 ;* ...                         ;otherwise do something else
                 ;*************************************************************************
                 
                 #ifndef _8515DEF_INC_
                 #define _8515DEF_INC_
                 
                 
                 #pragma partinc 0
                 
                 ; ***** SPECIFY DEVICE ***************************************************
                 .device AT90S8515
                 #pragma AVRPART ADMIN PART_NAME AT90S8515
                 .equ	SIGNATURE_000	= 0x1e
                 .equ	SIGNATURE_001	= 0x93
                 .equ	SIGNATURE_002	= 0x01
                 
                 #pragma AVRPART CORE CORE_VERSION V1
                 
                 
                 ; ***** I/O REGISTER DEFINITIONS *****************************************
                 ; NOTE:
                 ; Definitions marked "MEMORY MAPPED"are extended I/O ports
                 ; and cannot be used with IN/OUT instructions
                 .equ	SREG	= 0x3f
                 .equ	SPL	= 0x3d
                 .equ	SPH	= 0x3e
                 .equ	GIMSK	= 0x3b
                 .equ	GIFR	= 0x3a
                 .equ	TIMSK	= 0x39
                 .equ	TIFR	= 0x38
                 .equ	MCUCR	= 0x35
                 .equ	TCCR0	= 0x33
                 .equ	TCNT0	= 0x32
                 .equ	TCCR1A	= 0x2f
                 .equ	TCCR1B	= 0x2e
                 .equ	TCNT1L	= 0x2c
                 .equ	TCNT1H	= 0x2d
                 .equ	OCR1AL	= 0x2a
                 .equ	OCR1AH	= 0x2b
                 .equ	OCR1BL	= 0x28
                 .equ	OCR1BH	= 0x29
                 .equ	ICR1L	= 0x24
                 .equ	ICR1H	= 0x25
                 .equ	WDTCR	= 0x21
                 .equ	EEARL	= 0x1e
                 .equ	EEARH	= 0x1f
                 .equ	EEDR	= 0x1d
                 .equ	EECR	= 0x1c
                 .equ	PORTA	= 0x1b
                 .equ	DDRA	= 0x1a
                 .equ	PINA	= 0x19
                 .equ	PORTB	= 0x18
                 .equ	DDRB	= 0x17
                 .equ	PINB	= 0x16
                 .equ	PORTC	= 0x15
                 .equ	DDRC	= 0x14
                 .equ	PINC	= 0x13
                 .equ	PORTD	= 0x12
                 .equ	DDRD	= 0x11
                 .equ	PIND	= 0x10
                 .equ	SPDR	= 0x0f
                 .equ	SPSR	= 0x0e
                 .equ	SPCR	= 0x0d
                 .equ	UDR	= 0x0c
                 .equ	USR	= 0x0b
                 .equ	UCR	= 0x0a
                 .equ	UBRR	= 0x09
                 .equ	ACSR	= 0x08
                 
                 
                 ; ***** BIT DEFINITIONS **************************************************
                 
                 ; ***** ANALOG_COMPARATOR ************
                 ; ACSR - Analog Comparator Control And Status Register
                 .equ	ACIS0	= 0	; Analog Comparator Interrupt Mode Select bit 0
                 .equ	ACIS1	= 1	; Analog Comparator Interrupt Mode Select bit 1
                 .equ	ACIC	= 2	; Analog Comparator Input Capture Enable
                 .equ	ACIE	= 3	; Analog Comparator Interrupt Enable
                 .equ	ACI	= 4	; Analog Comparator Interrupt Flag
                 .equ	ACO	= 5	; Analog Comparator Output
                 .equ	ACD	= 7	; Analog Comparator Disable
                 
                 
                 ; ***** SPI **************************
                 ; SPDR - SPI Data Register
                 .equ	SPDR0	= 0	; SPI Data Register bit 0
                 .equ	SPDR1	= 1	; SPI Data Register bit 1
                 .equ	SPDR2	= 2	; SPI Data Register bit 2
                 .equ	SPDR3	= 3	; SPI Data Register bit 3
                 .equ	SPDR4	= 4	; SPI Data Register bit 4
                 .equ	SPDR5	= 5	; SPI Data Register bit 5
                 .equ	SPDR6	= 6	; SPI Data Register bit 6
                 .equ	SPDR7	= 7	; SPI Data Register bit 7
                 
                 ; SPSR - SPI Status Register
                 .equ	WCOL	= 6	; Write Collision Flag
                 .equ	SPIF	= 7	; SPI Interrupt Flag
                 
                 ; SPCR - SPI Control Register
                 .equ	SPR0	= 0	; SPI Clock Rate Select 0
                 .equ	SPR1	= 1	; SPI Clock Rate Select 1
                 .equ	CPHA	= 2	; Clock Phase
                 .equ	CPOL	= 3	; Clock polarity
                 .equ	MSTR	= 4	; Master/Slave Select
                 .equ	DORD	= 5	; Data Order
                 .equ	SPE	= 6	; SPI Enable
                 .equ	SPIE	= 7	; SPI Interrupt Enable
                 
                 
                 ; ***** UART *************************
                 ; UDR - UART I/O Data Register
                 .equ	UDR0	= 0	; UART I/O Data Register bit 0
                 .equ	UDR1	= 1	; UART I/O Data Register bit 1
                 .equ	UDR2	= 2	; UART I/O Data Register bit 2
                 .equ	UDR3	= 3	; UART I/O Data Register bit 3
                 .equ	UDR4	= 4	; UART I/O Data Register bit 4
                 .equ	UDR5	= 5	; UART I/O Data Register bit 5
                 .equ	UDR6	= 6	; UART I/O Data Register bit 6
                 .equ	UDR7	= 7	; UART I/O Data Register bit 7
                 
                 ; USR - UART Status Register
                 .equ	DOR	= 3	; Data overRun
                 .equ	FE	= 4	; Framing Error
                 .equ	UDRE	= 5	; UART Data Register Empty
                 .equ	TXC	= 6	; UART Transmit Complete
                 .equ	RXC	= 7	; UART Receive Complete
                 
                 ; UCR - UART Control Register
                 .equ	TXB8	= 0	; Transmit Data Bit 8
                 .equ	RXB8	= 1	; Receive Data Bit 8
                 .equ	CHR9	= 2	; 9-bit Characters
                 .equ	TXEN	= 3	; Transmitter Enable
                 .equ	RXEN	= 4	; Receiver Enable
                 .equ	UDRIE	= 5	; UART Data Register Empty Interrupt Enable
                 .equ	TXCIE	= 6	; TX Complete Interrupt Enable
                 .equ	RXCIE	= 7	; RX Complete Interrupt Enable
                 
                 ; UBRR - UART BAUD Rate Register
                 .equ	UBRR0	= 0	; UART Baud Rate Register bit 0
                 .equ	UBRR1	= 1	; UART Baud Rate Register bit 1
                 .equ	UBRR2	= 2	; UART Baud Rate Register bit 2
                 .equ	UBRR3	= 3	; UART Baud Rate Register bit 3
                 .equ	UBRR4	= 4	; UART Baud Rate Register bit 4
                 .equ	UBRR5	= 5	; UART Baud Rate Register bit 5
                 .equ	UBRR6	= 6	; UART Baud Rate Register bit 6
                 .equ	UBRR7	= 7	; UART Baud Rate Register bit 7
                 
                 
                 ; ***** EXTERNAL_INTERRUPT ***********
                 ; GIMSK - General Interrupt Mask Register
                 .equ	INT0	= 6	; External Interrupt Request 0 Enable
                 .equ	INT1	= 7	; External Interrupt Request 1 Enable
                 
                 ; GIFR - General Interrupt Flag register
                 .equ	INTF0	= 6	; External Interrupt Flag 0
                 .equ	INTF1	= 7	; External Interrupt Flag 1
                 
                 
                 ; ***** PORTA ************************
                 ; PORTA - Port A Data Register
                 .equ	PORTA0	= 0	; Port A Data Register bit 0
                 .equ	PA0	= 0	; For compatibility
                 .equ	PORTA1	= 1	; Port A Data Register bit 1
                 .equ	PA1	= 1	; For compatibility
                 .equ	PORTA2	= 2	; Port A Data Register bit 2
                 .equ	PA2	= 2	; For compatibility
                 .equ	PORTA3	= 3	; Port A Data Register bit 3
                 .equ	PA3	= 3	; For compatibility
                 .equ	PORTA4	= 4	; Port A Data Register bit 4
                 .equ	PA4	= 4	; For compatibility
                 .equ	PORTA5	= 5	; Port A Data Register bit 5
                 .equ	PA5	= 5	; For compatibility
                 .equ	PORTA6	= 6	; Port A Data Register bit 6
                 .equ	PA6	= 6	; For compatibility
                 .equ	PORTA7	= 7	; Port A Data Register bit 7
                 .equ	PA7	= 7	; For compatibility
                 
                 ; DDRA - Port A Data Direction Register
                 .equ	DDA0	= 0	; Data Direction Register, Port A, bit 0
                 .equ	DDA1	= 1	; Data Direction Register, Port A, bit 1
                 .equ	DDA2	= 2	; Data Direction Register, Port A, bit 2
                 .equ	DDA3	= 3	; Data Direction Register, Port A, bit 3
                 .equ	DDA4	= 4	; Data Direction Register, Port A, bit 4
                 .equ	DDA5	= 5	; Data Direction Register, Port A, bit 5
                 .equ	DDA6	= 6	; Data Direction Register, Port A, bit 6
                 .equ	DDA7	= 7	; Data Direction Register, Port A, bit 7
                 
                 ; PINA - Port A Input Pins
                 .equ	PINA0	= 0	; Input Pins, Port A bit 0
                 .equ	PINA1	= 1	; Input Pins, Port A bit 1
                 .equ	PINA2	= 2	; Input Pins, Port A bit 2
                 .equ	PINA3	= 3	; Input Pins, Port A bit 3
                 .equ	PINA4	= 4	; Input Pins, Port A bit 4
                 .equ	PINA5	= 5	; Input Pins, Port A bit 5
                 .equ	PINA6	= 6	; Input Pins, Port A bit 6
                 .equ	PINA7	= 7	; Input Pins, Port A bit 7
                 
                 
                 ; ***** PORTB ************************
                 ; PORTB - Port B Data Register
                 .equ	PORTB0	= 0	; Port B Data Register bit 0
                 .equ	PB0	= 0	; For compatibility
                 .equ	PORTB1	= 1	; Port B Data Register bit 1
                 .equ	PB1	= 1	; For compatibility
                 .equ	PORTB2	= 2	; Port B Data Register bit 2
                 .equ	PB2	= 2	; For compatibility
                 .equ	PORTB3	= 3	; Port B Data Register bit 3
                 .equ	PB3	= 3	; For compatibility
                 .equ	PORTB4	= 4	; Port B Data Register bit 4
                 .equ	PB4	= 4	; For compatibility
                 .equ	PORTB5	= 5	; Port B Data Register bit 5
                 .equ	PB5	= 5	; For compatibility
                 .equ	PORTB6	= 6	; Port B Data Register bit 6
                 .equ	PB6	= 6	; For compatibility
                 .equ	PORTB7	= 7	; Port B Data Register bit 7
                 .equ	PB7	= 7	; For compatibility
                 
                 ; DDRB - Port B Data Direction Register
                 .equ	DDB0	= 0	; Port B Data Direction Register bit 0
                 .equ	DDB1	= 1	; Port B Data Direction Register bit 1
                 .equ	DDB2	= 2	; Port B Data Direction Register bit 2
                 .equ	DDB3	= 3	; Port B Data Direction Register bit 3
                 .equ	DDB4	= 4	; Port B Data Direction Register bit 4
                 .equ	DDB5	= 5	; Port B Data Direction Register bit 5
                 .equ	DDB6	= 6	; Port B Data Direction Register bit 6
                 .equ	DDB7	= 7	; Port B Data Direction Register bit 7
                 
                 ; PINB - Port B Input Pins
                 .equ	PINB0	= 0	; Port B Input Pins bit 0
                 .equ	PINB1	= 1	; Port B Input Pins bit 1
                 .equ	PINB2	= 2	; Port B Input Pins bit 2
                 .equ	PINB3	= 3	; Port B Input Pins bit 3
                 .equ	PINB4	= 4	; Port B Input Pins bit 4
                 .equ	PINB5	= 5	; Port B Input Pins bit 5
                 .equ	PINB6	= 6	; Port B Input Pins bit 6
                 .equ	PINB7	= 7	; Port B Input Pins bit 7
                 
                 
                 ; ***** PORTC ************************
                 ; PORTC - Port C Data Register
                 .equ	PORTC0	= 0	; Port C Data Register bit 0
                 .equ	PC0	= 0	; For compatibility
                 .equ	PORTC1	= 1	; Port C Data Register bit 1
                 .equ	PC1	= 1	; For compatibility
                 .equ	PORTC2	= 2	; Port C Data Register bit 2
                 .equ	PC2	= 2	; For compatibility
                 .equ	PORTC3	= 3	; Port C Data Register bit 3
                 .equ	PC3	= 3	; For compatibility
                 .equ	PORTC4	= 4	; Port C Data Register bit 4
                 .equ	PC4	= 4	; For compatibility
                 .equ	PORTC5	= 5	; Port C Data Register bit 5
                 .equ	PC5	= 5	; For compatibility
                 .equ	PORTC6	= 6	; Port C Data Register bit 6
                 .equ	PC6	= 6	; For compatibility
                 .equ	PORTC7	= 7	; Port C Data Register bit 7
                 .equ	PC7	= 7	; For compatibility
                 
                 ; DDRC - Port C Data Direction Register
                 .equ	DDC0	= 0	; Port C Data Direction Register bit 0
                 .equ	DDC1	= 1	; Port C Data Direction Register bit 1
                 .equ	DDC2	= 2	; Port C Data Direction Register bit 2
                 .equ	DDC3	= 3	; Port C Data Direction Register bit 3
                 .equ	DDC4	= 4	; Port C Data Direction Register bit 4
                 .equ	DDC5	= 5	; Port C Data Direction Register bit 5
                 .equ	DDC6	= 6	; Port C Data Direction Register bit 6
                 .equ	DDC7	= 7	; Port C Data Direction Register bit 7
                 
                 ; PINC - Port C Input Pins
                 .equ	PINC0	= 0	; Port C Input Pins bit 0
                 .equ	PINC1	= 1	; Port C Input Pins bit 1
                 .equ	PINC2	= 2	; Port C Input Pins bit 2
                 .equ	PINC3	= 3	; Port C Input Pins bit 3
                 .equ	PINC4	= 4	; Port C Input Pins bit 4
                 .equ	PINC5	= 5	; Port C Input Pins bit 5
                 .equ	PINC6	= 6	; Port C Input Pins bit 6
                 .equ	PINC7	= 7	; Port C Input Pins bit 7
                 
                 
                 ; ***** PORTD ************************
                 ; PORTD - Port D Data Register
                 .equ	PORTD0	= 0	; Port D Data Register bit 0
                 .equ	PD0	= 0	; For compatibility
                 .equ	PORTD1	= 1	; Port D Data Register bit 1
                 .equ	PD1	= 1	; For compatibility
                 .equ	PORTD2	= 2	; Port D Data Register bit 2
                 .equ	PD2	= 2	; For compatibility
                 .equ	PORTD3	= 3	; Port D Data Register bit 3
                 .equ	PD3	= 3	; For compatibility
                 .equ	PORTD4	= 4	; Port D Data Register bit 4
                 .equ	PD4	= 4	; For compatibility
                 .equ	PORTD5	= 5	; Port D Data Register bit 5
                 .equ	PD5	= 5	; For compatibility
                 .equ	PORTD6	= 6	; Port D Data Register bit 6
                 .equ	PD6	= 6	; For compatibility
                 .equ	PORTD7	= 7	; Port D Data Register bit 7
                 .equ	PD7	= 7	; For compatibility
                 
                 ; DDRD - Port D Data Direction Register
                 .equ	DDD0	= 0	; Port D Data Direction Register bit 0
                 .equ	DDD1	= 1	; Port D Data Direction Register bit 1
                 .equ	DDD2	= 2	; Port D Data Direction Register bit 2
                 .equ	DDD3	= 3	; Port D Data Direction Register bit 3
                 .equ	DDD4	= 4	; Port D Data Direction Register bit 4
                 .equ	DDD5	= 5	; Port D Data Direction Register bit 5
                 .equ	DDD6	= 6	; Port D Data Direction Register bit 6
                 .equ	DDD7	= 7	; Port D Data Direction Register bit 7
                 
                 ; PIND - Port D Input Pins
                 .equ	PIND0	= 0	; Port D Input Pins bit 0
                 .equ	PIND1	= 1	; Port D Input Pins bit 1
                 .equ	PIND2	= 2	; Port D Input Pins bit 2
                 .equ	PIND3	= 3	; Port D Input Pins bit 3
                 .equ	PIND4	= 4	; Port D Input Pins bit 4
                 .equ	PIND5	= 5	; Port D Input Pins bit 5
                 .equ	PIND6	= 6	; Port D Input Pins bit 6
                 .equ	PIND7	= 7	; Port D Input Pins bit 7
                 
                 
                 ; ***** TIMER_COUNTER_1 **************
                 ; TIMSK - Timer/Counter Interrupt Mask Register
                 .equ	TICIE1	= 3	; Timer/Counter1 Input Capture Interrupt Enable
                 .equ	OCIE1B	= 5	; Timer/Counter1 Output CompareB Match Interrupt Enable
                 .equ	OCIE1A	= 6	; Timer/Counter1 Output CompareA Match Interrupt Enable
                 .equ	TOIE1	= 7	; Timer/Counter1 Overflow Interrupt Enable
                 
                 ; TIFR - Timer/Counter Interrupt Flag register
                 .equ	ICF1	= 3	; Input Capture Flag 1
                 .equ	OCF1B	= 5	; Output Compare Flag 1B
                 .equ	OCF1A	= 6	; Output Compare Flag 1A
                 .equ	TOV1	= 7	; Timer/Counter1 Overflow Flag
                 
                 ; TCCR1A - Timer/Counter1 Control Register A
                 .equ	PWM10	= 0	; Pulse Width Modulator Select Bit 0
                 .equ	PWM11	= 1	; Pulse Width Modulator Select Bit 1
                 .equ	COM1B0	= 4	; Compare Output Mode 1B, bit 0
                 .equ	COM1B1	= 5	; Compare Output Mode 1B, bit 1
                 .equ	COM1A0	= 6	; Compare Ouput Mode 1A, bit 0
                 .equ	COM1A1	= 7	; Compare Output Mode 1A, bit 1
                 
                 ; TCCR1B - Timer/Counter1 Control Register B
                 .equ	CS10	= 0	; Clock Select1 bit 0
                 .equ	CS11	= 1	; Clock Select1 bit 1
                 .equ	CS12	= 2	; Clock Select1 bit 2
                 .equ	CTC1	= 3	; Clear Timer/Counter1 on Compare Match
                 .equ	ICES1	= 6	; Input Capture 1 Edge Select
                 .equ	ICNC1	= 7	; Input Capture 1 Noise Canceler
                 
                 
                 ; ***** TIMER_COUNTER_0 **************
                 ; TIMSK - Timer/Counter Interrupt Mask Register
                 .equ	TOIE0	= 1	; Timer/Counter0 Overflow Interrupt Enable
                 
                 ; TIFR - Timer/Counter Interrupt Flag register
                 .equ	TOV0	= 1	; Timer/Counter0 Overflow Flag
                 
                 ; TCCR0 - Timer/Counter0 Control Register
                 .equ	CS00	= 0	; Clock Select0 bit 0
                 .equ	CS01	= 1	; Clock Select0 bit 1
                 .equ	CS02	= 2	; Clock Select0 bit 2
                 
                 ; TCNT0 - Timer Counter 0
                 .equ	TCNT00	= 0	; Timer Counter 0 bit 0
                 .equ	TCNT01	= 1	; Timer Counter 0 bit 1
                 .equ	TCNT02	= 2	; Timer Counter 0 bit 2
                 .equ	TCNT03	= 3	; Timer Counter 0 bit 3
                 .equ	TCNT04	= 4	; Timer Counter 0 bit 4
                 .equ	TCNT05	= 5	; Timer Counter 0 bit 5
                 .equ	TCNT06	= 6	; Timer Counter 0 bit 6
                 .equ	TCNT07	= 7	; Timer Counter 0 bit 7
                 
                 
                 ; ***** WATCHDOG *********************
                 ; WDTCR - Watchdog Timer Control Register
                 .equ	WDP0	= 0	; Watch Dog Timer Prescaler bit 0
                 .equ	WDP1	= 1	; Watch Dog Timer Prescaler bit 1
                 .equ	WDP2	= 2	; Watch Dog Timer Prescaler bit 2
                 .equ	WDE	= 3	; Watch Dog Enable
                 .equ	WDTOE	= 4	; RW
                 .equ	WDDE	= WDTOE	; For compatibility
                 
                 
                 ; ***** CPU **************************
                 ; SREG - Status Register
                 .equ	SREG_C	= 0	; Carry Flag
                 .equ	SREG_Z	= 1	; Zero Flag
                 .equ	SREG_N	= 2	; Negative Flag
                 .equ	SREG_V	= 3	; Two's Complement Overflow Flag
                 .equ	SREG_S	= 4	; Sign Bit
                 .equ	SREG_H	= 5	; Half Carry Flag
                 .equ	SREG_T	= 6	; Bit Copy Storage
                 .equ	SREG_I	= 7	; Global Interrupt Enable
                 
                 ; MCUCR - MCU Control Register
                 .equ	ISC00	= 0	; Interrupt Sense Control 0 bit 0
                 .equ	ISC01	= 1	; Interrupt Sense Control 0 bit 1
                 .equ	ISC10	= 2	; Interrupt Sense Control 1 bit 0
                 .equ	ISC11	= 3	; Interrupt Sense Control 1 bit 1
                 .equ	SM	= 4	; Sleep Mode
                 .equ	SE	= 5	; Sleep Enable
                 .equ	SRW	= 6	; External SRAM Wait State
                 .equ	SRE	= 7	; External SRAM Enable
                 
                 
                 ; ***** EEPROM ***********************
                 ; EEDR - EEPROM Data Register
                 .equ	EEDR0	= 0	; EEPROM Data Register bit 0
                 .equ	EEDR1	= 1	; EEPROM Data Register bit 1
                 .equ	EEDR2	= 2	; EEPROM Data Register bit 2
                 .equ	EEDR3	= 3	; EEPROM Data Register bit 3
                 .equ	EEDR4	= 4	; EEPROM Data Register bit 4
                 .equ	EEDR5	= 5	; EEPROM Data Register bit 5
                 .equ	EEDR6	= 6	; EEPROM Data Register bit 6
                 .equ	EEDR7	= 7	; EEPROM Data Register bit 7
                 
                 ; EECR - EEPROM Control Register
                 .equ	EERE	= 0	; EEPROM Read Enable
                 .equ	EEWE	= 1	; EEPROM Write Enable
                 .equ	EEMWE	= 2	; EEPROM Master Write Enable
                 
                 
                 
                 ; ***** LOCKSBITS ********************************************************
                 .equ	LB1	= 0	; Lockbit
                 .equ	LB2	= 1	; Lockbit
                 
                 
                 ; ***** FUSES ************************************************************
                 ; LOW fuse bits
                 .equ	SPIEN	= 1	; Serial Program Downloading Enabled
                 .equ	FSTRT	= 2	; Short Start-up time selected
                 
                 
                 
                 ; ***** CPU REGISTER DEFINITIONS *****************************************
                 .def	XH	= r27
                 .def	XL	= r26
                 .def	YH	= r29
                 .def	YL	= r28
                 .def	ZH	= r31
                 .def	ZL	= r30
                 
                 
                 
                 ; ***** DATA MEMORY DECLARATIONS *****************************************
                 .equ	FLASHEND	= 0x0fff	; Note: Word address
                 .equ	IOEND	= 0x003f
                 .equ	SRAM_START	= 0x0060
                 .equ	SRAM_SIZE	= 512
                 .equ	RAMEND	= 0x025f
                 .equ	XRAMEND	= 0xffff
                 .equ	E2END	= 0x01ff
                 .equ	EEPROMEND	= 0x01ff
                 .equ	EEADRBITS	= 9
                 #pragma AVRPART MEMORY PROG_FLASH 8192
                 #pragma AVRPART MEMORY EEPROM 512
                 #pragma AVRPART MEMORY INT_SRAM SIZE 512
                 #pragma AVRPART MEMORY INT_SRAM START_ADDR 0x60
                 
                 
                 
                 
                 
                 ; ***** INTERRUPT VECTORS ************************************************
                 .equ	INT0addr	= 0x0001	; External Interrupt Request 0
                 .equ	INT1addr	= 0x0002	; External Interrupt Request 1
                 .equ	ICP1addr	= 0x0003	; Timer/Counter Capture Event
                 .equ	OC1Aaddr	= 0x0004	; Timer/Counter1 Compare Match A
                 .equ	OC1Baddr	= 0x0005	; Timer/Counter1 Compare MatchB
                 .equ	OVF1addr	= 0x0006	; Timer/Counter1 Overflow
                 .equ	OVF0addr	= 0x0007	; Timer/Counter0 Overflow
                 .equ	SPIaddr	= 0x0008	; Serial Transfer Complete
                 .equ	URXCaddr	= 0x0009	; UART, Rx Complete
                 .equ	UDREaddr	= 0x000a	; UART Data Register Empty
                 .equ	UTXCaddr	= 0x000b	; UART, Tx Complete
                 .equ	ACIaddr	= 0x000c	; Analog Comparator
                 
                 .equ	INT_VECTORS_SIZE	= 13	; size in words
                 
                 #pragma AVRPART CORE INSTRUCTIONS_NOT_SUPPORTED break
                 
                 #endif  /* _8515DEF_INC_ */
                 
                 ; ***** END OF FILE ******************************************************
                 
                 ; Specify Device.
                 .device AT90S8515
                 
                 ; Variable Declarations
                 .def temp     = r16
                 .def isrsreg  = r17
                 .def isrtemp1 = r18     
                 .def isrtemp2 = r19    
                 .def isrflag  = r20     
                 
                 .cseg					; CODE segment.
                 
                 .org 0      
000000 c000      	rjmp init			; origin.
                 
                 	    
                 ;Main Routine                    
000001 ed0f      init:   ldi r16,$DF			; Initialize the stack.
000002 bf0d      	out SPL,r16
                                     
                 
                 ; Write some data to the external memory at 0x0400
000003 ea00      loop:   ldi r16,$A0			; Enable Sleep and SRAM - 0 ws
000004 bf05      	out MCUCR,r16    
000005 e505      	ldi r16,$55
000006 9300 0400         sts $0400,r16           
000008 9300 0401         sts $0401,r16
00000a 9000 0400         lds r0,$0400
00000c 9000 0401         lds r0,$0401
                 
00000e ee00      	ldi r16,$E0			; Enable Sleep and SRAM - 1 ws
00000f bf05      	out MCUCR,r16    
000010 ea0a              ldi r16,$AA
000011 9300 0400         sts $0400,r16
000013 9300 0401         sts $0401,r16
000015 9000 0400         lds r0,$0400
000017 9000 0401         lds r0,$0401
                         
000019 9588      	sleep	    


RESOURCE USE INFORMATION
------------------------

Notice:
The register and instruction counts are symbol table hit counts,
and hence implicitly used resources are not counted, eg, the
'lpm' instruction without operands implicitly uses r0 and z,
none of which are counted.

x,y,z are separate entities in the symbol table and are
counted separately from r26..r31 here.

.dseg memory usage only counts static data declared with .byte

AT90S8515 register use summary:
r0 :   4 r1 :   0 r2 :   0 r3 :   0 r4 :   0 r5 :   0 r6 :   0 r7 :   0 
r8 :   0 r9 :   0 r10:   0 r11:   0 r12:   0 r13:   0 r14:   0 r15:   0 
r16:  12 r17:   0 r18:   0 r19:   0 r20:   0 r21:   0 r22:   0 r23:   0 
r24:   0 r25:   0 r26:   0 r27:   0 r28:   0 r29:   0 r30:   0 r31:   0 
x  :   0 y  :   0 z  :   0 
Registers used: 2 out of 35 (5.7%)

AT90S8515 instruction use summary:
.lds  :   0 .sts  :   0 adc   :   0 add   :   0 adiw  :   0 and   :   0 
andi  :   0 asr   :   0 bclr  :   0 bld   :   0 brbc  :   0 brbs  :   0 
brcc  :   0 brcs  :   0 breq  :   0 brge  :   0 brhc  :   0 brhs  :   0 
brid  :   0 brie  :   0 brlo  :   0 brlt  :   0 brmi  :   0 brne  :   0 
brpl  :   0 brsh  :   0 brtc  :   0 brts  :   0 brvc  :   0 brvs  :   0 
bset  :   0 bst   :   0 cbi   :   0 cbr   :   0 clc   :   0 clh   :   0 
cli   :   0 cln   :   0 clr   :   0 cls   :   0 clt   :   0 clv   :   0 
clz   :   0 com   :   0 cp    :   0 cpc   :   0 cpi   :   0 cpse  :   0 
dec   :   0 eor   :   0 icall :   0 ijmp  :   0 in    :   0 inc   :   0 
ld    :   0 ldd   :   0 ldi   :   5 lds   :   4 lpm   :   0 lsl   :   0 
lsr   :   0 mov   :   0 neg   :   0 nop   :   0 or    :   0 ori   :   0 
out   :   3 pop   :   0 push  :   0 rcall :   0 ret   :   0 reti  :   0 
rjmp  :   1 rol   :   0 ror   :   0 sbc   :   0 sbci  :   0 sbi   :   0 
sbic  :   0 sbis  :   0 sbiw  :   0 sbr   :   0 sbrc  :   0 sbrs  :   0 
sec   :   0 seh   :   0 sei   :   0 sen   :   0 ser   :   0 ses   :   0 
set   :   0 sev   :   0 sez   :   0 sleep :   1 st    :   0 std   :   0 
sts   :   4 sub   :   0 subi  :   0 swap  :   0 tst   :   0 wdr   :   0 

Instructions used: 6 out of 102 (5.9%)

AT90S8515 memory use summary [bytes]:
Segment   Begin    End      Code   Data   Used    Size   Use%
---------------------------------------------------------------
[.cseg] 0x000000 0x000034     52      0     52    8192   0.6%
[.dseg] 0x000060 0x000060      0      0      0     512   0.0%
[.eseg] 0x000000 0x000000      0      0      0     512   0.0%

Assembly complete, 0 errors, 0 warnings
